# JRE version: Java(TM) SE Runtime Environment (8.0_92-b14) (build 1.8.0_92-b14)
# Java VM: Java HotSpot(TM) 64-Bit Server VM (25.92-b14 mixed mode windows-amd64 compressed oops)
Heap:
 PSYoungGen      total 524800K, used 185608K [0x00000000d5c00000, 0x0000000100000000, 0x0000000100000000)
  eden space 382976K, 25% used [0x00000000d5c00000,0x00000000dbba87c8,0x00000000ed200000)
  from space 141824K, 61% used [0x00000000f6e80000,0x00000000fc419930,0x00000000ff900000)
  to   space 154624K, 0% used [0x00000000ed200000,0x00000000ed200000,0x00000000f6900000)
 ParOldGen       total 1238528K, used 981290K [0x0000000081400000, 0x00000000ccd80000, 0x00000000d5c00000)
  object space 1238528K, 79% used [0x0000000081400000,0x00000000bd24ab68,0x00000000ccd80000)
 Metaspace       used 17381K, capacity 17554K, committed 17792K, reserved 1064960K
  class space    used 2017K, capacity 2091K, committed 2176K, reserved 1048576K
GC Heap History (10 events):
Event: 12.010 GC heap before
{Heap before GC invocations=28 (full 7):
 PSYoungGen      total 524800K, used 385277K [0x00000000d5c00000, 0x00000000ff600000, 0x0000000100000000)
  eden space 370688K, 100% used [0x00000000d5c00000,0x00000000ec600000,0x00000000ec600000)
  from space 154112K, 9% used [0x00000000f5f80000,0x00000000f6dbf568,0x00000000ff600000)
  to   space 155648K, 0% used [0x00000000ec600000,0x00000000ec600000,0x00000000f5e00000)
 ParOldGen       total 989184K, used 783883K [0x0000000081400000, 0x00000000bda00000, 0x00000000d5c00000)
  object space 989184K, 79% used [0x0000000081400000,0x00000000b1182de8,0x00000000bda00000)
 Metaspace       used 15903K, capacity 16146K, committed 16384K, reserved 1062912K
  class space    used 1863K, capacity 1963K, committed 2048K, reserved 1048576K
Event: 12.038 GC heap after
Heap after GC invocations=28 (full 7):
 PSYoungGen      total 526336K, used 18188K [0x00000000d5c00000, 0x00000000ff780000, 0x0000000100000000)
  eden space 370688K, 0% used [0x00000000d5c00000,0x00000000d5c00000,0x00000000ec600000)
  from space 155648K, 11% used [0x00000000ec600000,0x00000000ed7c3010,0x00000000f5e00000)
  to   space 150528K, 0% used [0x00000000f6480000,0x00000000f6480000,0x00000000ff780000)
 ParOldGen       total 989184K, used 795283K [0x0000000081400000, 0x00000000bda00000, 0x00000000d5c00000)
  object space 989184K, 80% used [0x0000000081400000,0x00000000b1ca4de8,0x00000000bda00000)
 Metaspace       used 15903K, capacity 16146K, committed 16384K, reserved 1062912K
  class space    used 1863K, capacity 1963K, committed 2048K, reserved 1048576K
}
Event: 12.184 GC heap before
{Heap before GC invocations=29 (full 7):
 PSYoungGen      total 526336K, used 388876K [0x00000000d5c00000, 0x00000000ff780000, 0x0000000100000000)
  eden space 370688K, 100% used [0x00000000d5c00000,0x00000000ec600000,0x00000000ec600000)
  from space 155648K, 11% used [0x00000000ec600000,0x00000000ed7c3010,0x00000000f5e00000)
  to   space 150528K, 0% used [0x00000000f6480000,0x00000000f6480000,0x00000000ff780000)
 ParOldGen       total 989184K, used 795283K [0x0000000081400000, 0x00000000bda00000, 0x00000000d5c00000)
  object space 989184K, 80% used [0x0000000081400000,0x00000000b1ca4de8,0x00000000bda00000)
 Metaspace       used 15903K, capacity 16146K, committed 16384K, reserved 1062912K
  class space    used 1863K, capacity 1963K, committed 2048K, reserved 1048576K
Event: 12.216 GC heap after
Heap after GC invocations=29 (full 7):
 PSYoungGen      total 530944K, used 12832K [0x00000000d5c00000, 0x00000000ff200000, 0x0000000100000000)
  eden space 386048K, 0% used [0x00000000d5c00000,0x00000000d5c00000,0x00000000ed500000)
  from space 144896K, 8% used [0x00000000f6480000,0x00000000f7108000,0x00000000ff200000)
  to   space 145920K, 0% used [0x00000000ed500000,0x00000000ed500000,0x00000000f6380000)
 ParOldGen       total 989184K, used 813391K [0x0000000081400000, 0x00000000bda00000, 0x00000000d5c00000)
  object space 989184K, 82% used [0x0000000081400000,0x00000000b2e53df8,0x00000000bda00000)
 Metaspace       used 15903K, capacity 16146K, committed 16384K, reserved 1062912K
  class space    used 1863K, capacity 1963K, committed 2048K, reserved 1048576K
}
Event: 12.366 GC heap before
{Heap before GC invocations=30 (full 7):
 PSYoungGen      total 530944K, used 398880K [0x00000000d5c00000, 0x00000000ff200000, 0x0000000100000000)
  eden space 386048K, 100% used [0x00000000d5c00000,0x00000000ed500000,0x00000000ed500000)
  from space 144896K, 8% used [0x00000000f6480000,0x00000000f7108000,0x00000000ff200000)
  to   space 145920K, 0% used [0x00000000ed500000,0x00000000ed500000,0x00000000f6380000)
 ParOldGen       total 989184K, used 813391K [0x0000000081400000, 0x00000000bda00000, 0x00000000d5c00000)
  object space 989184K, 82% used [0x0000000081400000,0x00000000b2e53df8,0x00000000bda00000)
 Metaspace       used 15903K, capacity 16146K, committed 16384K, reserved 1062912K
  class space    used 1863K, capacity 1963K, committed 2048K, reserved 1048576K
Event: 12.414 GC heap after
Heap after GC invocations=30 (full 7):
 PSYoungGen      total 531968K, used 7584K [0x00000000d5c00000, 0x00000000ff900000, 0x0000000100000000)
  eden space 386048K, 0% used [0x00000000d5c00000,0x00000000d5c00000,0x00000000ed500000)
  from space 145920K, 5% used [0x00000000ed500000,0x00000000edc68000,0x00000000f6380000)
  to   space 141824K, 0% used [0x00000000f6e80000,0x00000000f6e80000,0x00000000ff900000)
 ParOldGen       total 989184K, used 826199K [0x0000000081400000, 0x00000000bda00000, 0x00000000d5c00000)
  object space 989184K, 83% used [0x0000000081400000,0x00000000b3ad5df8,0x00000000bda00000)
 Metaspace       used 15903K, capacity 16146K, committed 16384K, reserved 1062912K
  class space    used 1863K, capacity 1963K, committed 2048K, reserved 1048576K
}
Event: 12.563 GC heap before
{Heap before GC invocations=31 (full 7):
 PSYoungGen      total 531968K, used 393632K [0x00000000d5c00000, 0x00000000ff900000, 0x0000000100000000)
  eden space 386048K, 100% used [0x00000000d5c00000,0x00000000ed500000,0x00000000ed500000)
  from space 145920K, 5% used [0x00000000ed500000,0x00000000edc68000,0x00000000f6380000)
  to   space 141824K, 0% used [0x00000000f6e80000,0x00000000f6e80000,0x00000000ff900000)
 ParOldGen       total 989184K, used 826199K [0x0000000081400000, 0x00000000bda00000, 0x00000000d5c00000)
  object space 989184K, 83% used [0x0000000081400000,0x00000000b3ad5df8,0x00000000bda00000)
 Metaspace       used 16123K, capacity 16338K, committed 16640K, reserved 1064960K
  class space    used 1888K, capacity 1963K, committed 2048K, reserved 1048576K
Event: 12.698 GC heap after
Heap after GC invocations=31 (full 7):
 PSYoungGen      total 524800K, used 102188K [0x00000000d5c00000, 0x0000000100000000, 0x0000000100000000)
  eden space 382976K, 0% used [0x00000000d5c00000,0x00000000d5c00000,0x00000000ed200000)
  from space 141824K, 72% used [0x00000000f6e80000,0x00000000fd24b290,0x00000000ff900000)
  to   space 154624K, 0% used [0x00000000ed200000,0x00000000ed200000,0x00000000f6900000)
 ParOldGen       total 989184K, used 980020K [0x0000000081400000, 0x00000000bda00000, 0x00000000d5c00000)
  object space 989184K, 99% used [0x0000000081400000,0x00000000bd10d3a8,0x00000000bda00000)
 Metaspace       used 16123K, capacity 16338K, committed 16640K, reserved 1064960K
  class space    used 1888K, capacity 1963K, committed 2048K, reserved 1048576K
}
Event: 12.698 GC heap before
{Heap before GC invocations=32 (full 8):
 PSYoungGen      total 524800K, used 102188K [0x00000000d5c00000, 0x0000000100000000, 0x0000000100000000)
  eden space 382976K, 0% used [0x00000000d5c00000,0x00000000d5c00000,0x00000000ed200000)
  from space 141824K, 72% used [0x00000000f6e80000,0x00000000fd24b290,0x00000000ff900000)
  to   space 154624K, 0% used [0x00000000ed200000,0x00000000ed200000,0x00000000f6900000)
 ParOldGen       total 989184K, used 980020K [0x0000000081400000, 0x00000000bda00000, 0x00000000d5c00000)
  object space 989184K, 99% used [0x0000000081400000,0x00000000bd10d3a8,0x00000000bda00000)
 Metaspace       used 16123K, capacity 16338K, committed 16640K, reserved 1064960K
  class space    used 1888K, capacity 1963K, committed 2048K, reserved 1048576K
Event: 13.904 GC heap after
Heap after GC invocations=32 (full 8):
 PSYoungGen      total 524800K, used 87654K [0x00000000d5c00000, 0x0000000100000000, 0x0000000100000000)
  eden space 382976K, 0% used [0x00000000d5c00000,0x00000000d5c00000,0x00000000ed200000)
  from space 141824K, 61% used [0x00000000f6e80000,0x00000000fc419930,0x00000000ff900000)
  to   space 154624K, 0% used [0x00000000ed200000,0x00000000ed200000,0x00000000f6900000)
 ParOldGen       total 1238528K, used 981290K [0x0000000081400000, 0x00000000ccd80000, 0x00000000d5c00000)
  object space 1238528K, 79% used [0x0000000081400000,0x00000000bd24ab68,0x00000000ccd80000)
 Metaspace       used 16123K, capacity 16338K, committed 16640K, reserved 1064960K
  class space    used 1888K, capacity 1963K, committed 2048K, reserved 1048576K
}

