# JRE version: Java(TM) SE Runtime Environment (8.0_92-b14) (build 1.8.0_92-b14)
# Java VM: Java HotSpot(TM) 64-Bit Server VM (25.92-b14 mixed mode windows-amd64 compressed oops)
Heap:
 PSYoungGen      total 535552K, used 368705K [0x00000000d5c00000, 0x00000000ff700000, 0x0000000100000000)
  eden space 399360K, 88% used [0x00000000d5c00000,0x00000000eb683d58,0x00000000ee200000)
  from space 136192K, 10% used [0x00000000ee200000,0x00000000eef8c808,0x00000000f6700000)
  to   space 132608K, 0% used [0x00000000f7580000,0x00000000f7580000,0x00000000ff700000)
 ParOldGen       total 933888K, used 828370K [0x0000000081400000, 0x00000000ba400000, 0x00000000d5c00000)
  object space 933888K, 88% used [0x0000000081400000,0x00000000b3cf4850,0x00000000ba400000)
 Metaspace       used 17308K, capacity 17490K, committed 17792K, reserved 1064960K
  class space    used 2019K, capacity 2091K, committed 2176K, reserved 1048576K
GC Heap History (10 events):
Event: 10.215 GC heap before
{Heap before GC invocations=25 (full 6):
 PSYoungGen      total 535040K, used 392414K [0x00000000d5c00000, 0x0000000100000000, 0x0000000100000000)
  eden space 375296K, 100% used [0x00000000d5c00000,0x00000000eca80000,0x00000000eca80000)
  from space 159744K, 10% used [0x00000000f6400000,0x00000000f74b7b58,0x0000000100000000)
  to   space 157184K, 0% used [0x00000000eca80000,0x00000000eca80000,0x00000000f6400000)
 ParOldGen       total 933888K, used 756606K [0x0000000081400000, 0x00000000ba400000, 0x00000000d5c00000)
  object space 933888K, 81% used [0x0000000081400000,0x00000000af6df840,0x00000000ba400000)
 Metaspace       used 15830K, capacity 16082K, committed 16384K, reserved 1062912K
  class space    used 1863K, capacity 1963K, committed 2048K, reserved 1048576K
Event: 10.239 GC heap after
Heap after GC invocations=25 (full 6):
 PSYoungGen      total 408064K, used 32478K [0x00000000d5c00000, 0x00000000ff180000, 0x0000000100000000)
  eden space 375296K, 0% used [0x00000000d5c00000,0x00000000d5c00000,0x00000000eca80000)
  from space 32768K, 99% used [0x00000000eca80000,0x00000000eea378f8,0x00000000eea80000)
  to   space 151040K, 0% used [0x00000000f5e00000,0x00000000f5e00000,0x00000000ff180000)
 ParOldGen       total 933888K, used 756606K [0x0000000081400000, 0x00000000ba400000, 0x00000000d5c00000)
  object space 933888K, 81% used [0x0000000081400000,0x00000000af6df840,0x00000000ba400000)
 Metaspace       used 15830K, capacity 16082K, committed 16384K, reserved 1062912K
  class space    used 1863K, capacity 1963K, committed 2048K, reserved 1048576K
}
Event: 10.372 GC heap before
{Heap before GC invocations=26 (full 6):
 PSYoungGen      total 408064K, used 407774K [0x00000000d5c00000, 0x00000000ff180000, 0x0000000100000000)
  eden space 375296K, 100% used [0x00000000d5c00000,0x00000000eca80000,0x00000000eca80000)
  from space 32768K, 99% used [0x00000000eca80000,0x00000000eea378f8,0x00000000eea80000)
  to   space 151040K, 0% used [0x00000000f5e00000,0x00000000f5e00000,0x00000000ff180000)
 ParOldGen       total 933888K, used 756606K [0x0000000081400000, 0x00000000ba400000, 0x00000000d5c00000)
  object space 933888K, 81% used [0x0000000081400000,0x00000000af6df840,0x00000000ba400000)
 Metaspace       used 15830K, capacity 16082K, committed 16384K, reserved 1062912K
  class space    used 1863K, capacity 1963K, committed 2048K, reserved 1048576K
Event: 10.402 GC heap after
Heap after GC invocations=26 (full 6):
 PSYoungGen      total 533504K, used 39485K [0x00000000d5c00000, 0x0000000100000000, 0x0000000100000000)
  eden space 382464K, 0% used [0x00000000d5c00000,0x00000000d5c00000,0x00000000ed180000)
  from space 151040K, 26% used [0x00000000f5e00000,0x00000000f848f568,0x00000000ff180000)
  to   space 143872K, 0% used [0x00000000ed180000,0x00000000ed180000,0x00000000f5e00000)
 ParOldGen       total 933888K, used 761502K [0x0000000081400000, 0x00000000ba400000, 0x00000000d5c00000)
  object space 933888K, 81% used [0x0000000081400000,0x00000000afba7840,0x00000000ba400000)
 Metaspace       used 15830K, capacity 16082K, committed 16384K, reserved 1062912K
  class space    used 1863K, capacity 1963K, committed 2048K, reserved 1048576K
}
Event: 10.537 GC heap before
{Heap before GC invocations=27 (full 6):
 PSYoungGen      total 533504K, used 421949K [0x00000000d5c00000, 0x0000000100000000, 0x0000000100000000)
  eden space 382464K, 100% used [0x00000000d5c00000,0x00000000ed180000,0x00000000ed180000)
  from space 151040K, 26% used [0x00000000f5e00000,0x00000000f848f568,0x00000000ff180000)
  to   space 143872K, 0% used [0x00000000ed180000,0x00000000ed180000,0x00000000f5e00000)
 ParOldGen       total 933888K, used 761502K [0x0000000081400000, 0x00000000ba400000, 0x00000000d5c00000)
  object space 933888K, 81% used [0x0000000081400000,0x00000000afba7840,0x00000000ba400000)
 Metaspace       used 15830K, capacity 16082K, committed 16384K, reserved 1062912K
  class space    used 1863K, capacity 1963K, committed 2048K, reserved 1048576K
Event: 10.576 GC heap after
Heap after GC invocations=27 (full 6):
 PSYoungGen      total 526336K, used 30284K [0x00000000d5c00000, 0x00000000fee00000, 0x0000000100000000)
  eden space 382464K, 0% used [0x00000000d5c00000,0x00000000d5c00000,0x00000000ed180000)
  from space 143872K, 21% used [0x00000000ed180000,0x00000000eef13010,0x00000000f5e00000)
  to   space 138240K, 0% used [0x00000000f6700000,0x00000000f6700000,0x00000000fee00000)
 ParOldGen       total 933888K, used 787014K [0x0000000081400000, 0x00000000ba400000, 0x00000000d5c00000)
  object space 933888K, 84% used [0x0000000081400000,0x00000000b1491840,0x00000000ba400000)
 Metaspace       used 15830K, capacity 16082K, committed 16384K, reserved 1062912K
  class space    used 1863K, capacity 1963K, committed 2048K, reserved 1048576K
}
Event: 10.709 GC heap before
{Heap before GC invocations=28 (full 6):
 PSYoungGen      total 526336K, used 412748K [0x00000000d5c00000, 0x00000000fee00000, 0x0000000100000000)
  eden space 382464K, 100% used [0x00000000d5c00000,0x00000000ed180000,0x00000000ed180000)
  from space 143872K, 21% used [0x00000000ed180000,0x00000000eef13010,0x00000000f5e00000)
  to   space 138240K, 0% used [0x00000000f6700000,0x00000000f6700000,0x00000000fee00000)
 ParOldGen       total 933888K, used 787014K [0x0000000081400000, 0x00000000ba400000, 0x00000000d5c00000)
  object space 933888K, 84% used [0x0000000081400000,0x00000000b1491840,0x00000000ba400000)
 Metaspace       used 15830K, capacity 16082K, committed 16384K, reserved 1062912K
  class space    used 1863K, capacity 1963K, committed 2048K, reserved 1048576K
Event: 10.749 GC heap after
Heap after GC invocations=28 (full 6):
 PSYoungGen      total 537600K, used 11072K [0x00000000d5c00000, 0x00000000ff680000, 0x0000000100000000)
  eden space 399360K, 0% used [0x00000000d5c00000,0x00000000d5c00000,0x00000000ee200000)
  from space 138240K, 8% used [0x00000000f6700000,0x00000000f71d0000,0x00000000fee00000)
  to   space 136192K, 0% used [0x00000000ee200000,0x00000000ee200000,0x00000000f6700000)
 ParOldGen       total 933888K, used 817314K [0x0000000081400000, 0x00000000ba400000, 0x00000000d5c00000)
  object space 933888K, 87% used [0x0000000081400000,0x00000000b3228850,0x00000000ba400000)
 Metaspace       used 15830K, capacity 16082K, committed 16384K, reserved 1062912K
  class space    used 1863K, capacity 1963K, committed 2048K, reserved 1048576K
}
Event: 10.893 GC heap before
{Heap before GC invocations=29 (full 6):
 PSYoungGen      total 537600K, used 409471K [0x00000000d5c00000, 0x00000000ff680000, 0x0000000100000000)
  eden space 399360K, 99% used [0x00000000d5c00000,0x00000000ee10fe48,0x00000000ee200000)
  from space 138240K, 8% used [0x00000000f6700000,0x00000000f71d0000,0x00000000fee00000)
  to   space 136192K, 0% used [0x00000000ee200000,0x00000000ee200000,0x00000000f6700000)
 ParOldGen       total 933888K, used 817314K [0x0000000081400000, 0x00000000ba400000, 0x00000000d5c00000)
  object space 933888K, 87% used [0x0000000081400000,0x00000000b3228850,0x00000000ba400000)
 Metaspace       used 15941K, capacity 16146K, committed 16384K, reserved 1062912K
  class space    used 1874K, capacity 1963K, committed 2048K, reserved 1048576K
Event: 10.921 GC heap after
Heap after GC invocations=29 (full 6):
 PSYoungGen      total 535552K, used 13874K [0x00000000d5c00000, 0x00000000ff700000, 0x0000000100000000)
  eden space 399360K, 0% used [0x00000000d5c00000,0x00000000d5c00000,0x00000000ee200000)
  from space 136192K, 10% used [0x00000000ee200000,0x00000000eef8c808,0x00000000f6700000)
  to   space 132608K, 0% used [0x00000000f7580000,0x00000000f7580000,0x00000000ff700000)
 ParOldGen       total 933888K, used 828370K [0x0000000081400000, 0x00000000ba400000, 0x00000000d5c00000)
  object space 933888K, 88% used [0x0000000081400000,0x00000000b3cf4850,0x00000000ba400000)
 Metaspace       used 15941K, capacity 16146K, committed 16384K, reserved 1062912K
  class space    used 1874K, capacity 1963K, committed 2048K, reserved 1048576K
}

