# JRE version: Java(TM) SE Runtime Environment (8.0_92-b14) (build 1.8.0_92-b14)
# Java VM: Java HotSpot(TM) 64-Bit Server VM (25.92-b14 mixed mode windows-amd64 compressed oops)
Heap:
 PSYoungGen      total 524800K, used 98392K [0x00000000d5c00000, 0x0000000100000000, 0x0000000100000000)
  eden space 384000K, 21% used [0x00000000d5c00000,0x00000000dab63978,0x00000000ed300000)
  from space 140800K, 12% used [0x00000000f6880000,0x00000000f7932a78,0x00000000ff200000)
  to   space 153088K, 0% used [0x00000000ed300000,0x00000000ed300000,0x00000000f6880000)
 ParOldGen       total 1359360K, used 1064407K [0x0000000081400000, 0x00000000d4380000, 0x00000000d5c00000)
  object space 1359360K, 78% used [0x0000000081400000,0x00000000c2375ea0,0x00000000d4380000)
 Metaspace       used 17246K, capacity 17426K, committed 17792K, reserved 1064960K
  class space    used 2017K, capacity 2091K, committed 2176K, reserved 1048576K
GC Heap History (10 events):
Event: 12.048 GC heap before
{Heap before GC invocations=28 (full 6):
 PSYoungGen      total 526336K, used 389388K [0x00000000d5c00000, 0x00000000ff280000, 0x0000000100000000)
  eden space 370688K, 100% used [0x00000000d5c00000,0x00000000ec600000,0x00000000ec600000)
  from space 155648K, 12% used [0x00000000ec600000,0x00000000ed843010,0x00000000f5e00000)
  to   space 150528K, 0% used [0x00000000f5f80000,0x00000000f5f80000,0x00000000ff280000)
 ParOldGen       total 918016K, used 796970K [0x0000000081400000, 0x00000000b9480000, 0x00000000d5c00000)
  object space 918016K, 86% used [0x0000000081400000,0x00000000b1e4aa48,0x00000000b9480000)
 Metaspace       used 15787K, capacity 15986K, committed 16384K, reserved 1062912K
  class space    used 1860K, capacity 1931K, committed 2048K, reserved 1048576K
Event: 12.083 GC heap after
Heap after GC invocations=28 (full 6):
 PSYoungGen      total 531968K, used 12160K [0x00000000d5c00000, 0x00000000ff200000, 0x0000000100000000)
  eden space 381952K, 0% used [0x00000000d5c00000,0x00000000d5c00000,0x00000000ed100000)
  from space 150016K, 8% used [0x00000000f5f80000,0x00000000f6b60000,0x00000000ff200000)
  to   space 145920K, 0% used [0x00000000ed100000,0x00000000ed100000,0x00000000f5f80000)
 ParOldGen       total 918016K, used 815598K [0x0000000081400000, 0x00000000b9480000, 0x00000000d5c00000)
  object space 918016K, 88% used [0x0000000081400000,0x00000000b307ba58,0x00000000b9480000)
 Metaspace       used 15787K, capacity 15986K, committed 16384K, reserved 1062912K
  class space    used 1860K, capacity 1931K, committed 2048K, reserved 1048576K
}
Event: 12.273 GC heap before
{Heap before GC invocations=29 (full 6):
 PSYoungGen      total 531968K, used 394112K [0x00000000d5c00000, 0x00000000ff200000, 0x0000000100000000)
  eden space 381952K, 100% used [0x00000000d5c00000,0x00000000ed100000,0x00000000ed100000)
  from space 150016K, 8% used [0x00000000f5f80000,0x00000000f6b60000,0x00000000ff200000)
  to   space 145920K, 0% used [0x00000000ed100000,0x00000000ed100000,0x00000000f5f80000)
 ParOldGen       total 918016K, used 815598K [0x0000000081400000, 0x00000000b9480000, 0x00000000d5c00000)
  object space 918016K, 88% used [0x0000000081400000,0x00000000b307ba58,0x00000000b9480000)
 Metaspace       used 15787K, capacity 15986K, committed 16384K, reserved 1062912K
  class space    used 1860K, capacity 1931K, committed 2048K, reserved 1048576K
Event: 12.303 GC heap after
Heap after GC invocations=29 (full 6):
 PSYoungGen      total 527872K, used 14482K [0x00000000d5c00000, 0x00000000ff200000, 0x0000000100000000)
  eden space 381952K, 0% used [0x00000000d5c00000,0x00000000d5c00000,0x00000000ed100000)
  from space 145920K, 9% used [0x00000000ed100000,0x00000000edf24808,0x00000000f5f80000)
  to   space 140800K, 0% used [0x00000000f6880000,0x00000000f6880000,0x00000000ff200000)
 ParOldGen       total 918016K, used 827686K [0x0000000081400000, 0x00000000b9480000, 0x00000000d5c00000)
  object space 918016K, 90% used [0x0000000081400000,0x00000000b3c49a58,0x00000000b9480000)
 Metaspace       used 15787K, capacity 15986K, committed 16384K, reserved 1062912K
  class space    used 1860K, capacity 1931K, committed 2048K, reserved 1048576K
}
Event: 12.303 GC heap before
{Heap before GC invocations=30 (full 7):
 PSYoungGen      total 527872K, used 14482K [0x00000000d5c00000, 0x00000000ff200000, 0x0000000100000000)
  eden space 381952K, 0% used [0x00000000d5c00000,0x00000000d5c00000,0x00000000ed100000)
  from space 145920K, 9% used [0x00000000ed100000,0x00000000edf24808,0x00000000f5f80000)
  to   space 140800K, 0% used [0x00000000f6880000,0x00000000f6880000,0x00000000ff200000)
 ParOldGen       total 918016K, used 827686K [0x0000000081400000, 0x00000000b9480000, 0x00000000d5c00000)
  object space 918016K, 90% used [0x0000000081400000,0x00000000b3c49a58,0x00000000b9480000)
 Metaspace       used 15787K, capacity 15986K, committed 16384K, reserved 1062912K
  class space    used 1860K, capacity 1931K, committed 2048K, reserved 1048576K
Event: 13.027 GC heap after
Heap after GC invocations=30 (full 7):
 PSYoungGen      total 527872K, used 0K [0x00000000d5c00000, 0x00000000ff200000, 0x0000000100000000)
  eden space 381952K, 0% used [0x00000000d5c00000,0x00000000d5c00000,0x00000000ed100000)
  from space 145920K, 0% used [0x00000000ed100000,0x00000000ed100000,0x00000000f5f80000)
  to   space 140800K, 0% used [0x00000000f6880000,0x00000000f6880000,0x00000000ff200000)
 ParOldGen       total 1064448K, used 835271K [0x0000000081400000, 0x00000000c2380000, 0x00000000d5c00000)
  object space 1064448K, 78% used [0x0000000081400000,0x00000000b43b1f20,0x00000000c2380000)
 Metaspace       used 15787K, capacity 15986K, committed 16384K, reserved 1062912K
  class space    used 1860K, capacity 1931K, committed 2048K, reserved 1048576K
}
Event: 13.176 GC heap before
{Heap before GC invocations=31 (full 7):
 PSYoungGen      total 527872K, used 381952K [0x00000000d5c00000, 0x00000000ff200000, 0x0000000100000000)
  eden space 381952K, 100% used [0x00000000d5c00000,0x00000000ed100000,0x00000000ed100000)
  from space 145920K, 0% used [0x00000000ed100000,0x00000000ed100000,0x00000000f5f80000)
  to   space 140800K, 0% used [0x00000000f6880000,0x00000000f6880000,0x00000000ff200000)
 ParOldGen       total 1064448K, used 835271K [0x0000000081400000, 0x00000000c2380000, 0x00000000d5c00000)
  object space 1064448K, 78% used [0x0000000081400000,0x00000000b43b1f20,0x00000000c2380000)
 Metaspace       used 16007K, capacity 16210K, committed 16384K, reserved 1062912K
  class space    used 1887K, capacity 1963K, committed 2048K, reserved 1048576K
Event: 13.256 GC heap after
Heap after GC invocations=31 (full 7):
 PSYoungGen      total 524800K, used 100232K [0x00000000d5c00000, 0x0000000100000000, 0x0000000100000000)
  eden space 384000K, 0% used [0x00000000d5c00000,0x00000000d5c00000,0x00000000ed300000)
  from space 140800K, 71% used [0x00000000f6880000,0x00000000fca62280,0x00000000ff200000)
  to   space 153088K, 0% used [0x00000000ed300000,0x00000000ed300000,0x00000000f6880000)
 ParOldGen       total 1064448K, used 981621K [0x0000000081400000, 0x00000000c2380000, 0x00000000d5c00000)
  object space 1064448K, 92% used [0x0000000081400000,0x00000000bd29d4d0,0x00000000c2380000)
 Metaspace       used 16007K, capacity 16210K, committed 16384K, reserved 1062912K
  class space    used 1887K, capacity 1963K, committed 2048K, reserved 1048576K
}
Event: 13.256 GC heap before
{Heap before GC invocations=32 (full 8):
 PSYoungGen      total 524800K, used 100232K [0x00000000d5c00000, 0x0000000100000000, 0x0000000100000000)
  eden space 384000K, 0% used [0x00000000d5c00000,0x00000000d5c00000,0x00000000ed300000)
  from space 140800K, 71% used [0x00000000f6880000,0x00000000fca62280,0x00000000ff200000)
  to   space 153088K, 0% used [0x00000000ed300000,0x00000000ed300000,0x00000000f6880000)
 ParOldGen       total 1064448K, used 981621K [0x0000000081400000, 0x00000000c2380000, 0x00000000d5c00000)
  object space 1064448K, 92% used [0x0000000081400000,0x00000000bd29d4d0,0x00000000c2380000)
 Metaspace       used 16007K, capacity 16210K, committed 16384K, reserved 1062912K
  class space    used 1887K, capacity 1963K, committed 2048K, reserved 1048576K
Event: 14.212 GC heap after
Heap after GC invocations=32 (full 8):
 PSYoungGen      total 524800K, used 17098K [0x00000000d5c00000, 0x0000000100000000, 0x0000000100000000)
  eden space 384000K, 0% used [0x00000000d5c00000,0x00000000d5c00000,0x00000000ed300000)
  from space 140800K, 12% used [0x00000000f6880000,0x00000000f7932a78,0x00000000ff200000)
  to   space 153088K, 0% used [0x00000000ed300000,0x00000000ed300000,0x00000000f6880000)
 ParOldGen       total 1359360K, used 1064407K [0x0000000081400000, 0x00000000d4380000, 0x00000000d5c00000)
  object space 1359360K, 78% used [0x0000000081400000,0x00000000c2375ea0,0x00000000d4380000)
 Metaspace       used 16007K, capacity 16210K, committed 16384K, reserved 1062912K
  class space    used 1887K, capacity 1963K, committed 2048K, reserved 1048576K
}

