# JRE version: Java(TM) SE Runtime Environment (8.0_92-b14) (build 1.8.0_92-b14)
# Java VM: Java HotSpot(TM) 64-Bit Server VM (25.92-b14 mixed mode windows-amd64 compressed oops)
Heap:
 PSYoungGen      total 467968K, used 177518K [0x00000000d5c00000, 0x0000000100000000, 0x0000000100000000)
  eden space 305152K, 5% used [0x00000000d5c00000,0x00000000d6bcfa58,0x00000000e8600000)
  from space 162816K, 99% used [0x00000000f4d00000,0x00000000fea8be50,0x00000000fec00000)
  to   space 193536K, 0% used [0x00000000e8600000,0x00000000e8600000,0x00000000f4300000)
 ParOldGen       total 1035776K, used 873498K [0x0000000081400000, 0x00000000c0780000, 0x00000000d5c00000)
  object space 1035776K, 84% used [0x0000000081400000,0x00000000b6906888,0x00000000c0780000)
 Metaspace       used 17225K, capacity 17362K, committed 17536K, reserved 1064960K
  class space    used 2026K, capacity 2091K, committed 2176K, reserved 1048576K
GC Heap History (10 events):
Event: 10.300 GC heap before
{Heap before GC invocations=29 (full 7):
 PSYoungGen      total 333824K, used 333693K [0x00000000d5c00000, 0x00000000ffb80000, 0x0000000100000000)
  eden space 321024K, 100% used [0x00000000d5c00000,0x00000000e9580000,0x00000000e9580000)
  from space 12800K, 98% used [0x00000000e9580000,0x00000000ea1df568,0x00000000ea200000)
  to   space 183296K, 0% used [0x00000000f4880000,0x00000000f4880000,0x00000000ffb80000)
 ParOldGen       total 1035776K, used 787383K [0x0000000081400000, 0x00000000c0780000, 0x00000000d5c00000)
  object space 1035776K, 76% used [0x0000000081400000,0x00000000b14edf30,0x00000000c0780000)
 Metaspace       used 15780K, capacity 16018K, committed 16384K, reserved 1062912K
  class space    used 1873K, capacity 1963K, committed 2048K, reserved 1048576K
Event: 10.323 GC heap after
Heap after GC invocations=29 (full 7):
 PSYoungGen      total 508416K, used 16588K [0x00000000d5c00000, 0x0000000100000000, 0x0000000100000000)
  eden space 325120K, 0% used [0x00000000d5c00000,0x00000000d5c00000,0x00000000e9980000)
  from space 183296K, 9% used [0x00000000f4880000,0x00000000f58b3010,0x00000000ffb80000)
  to   space 179200K, 0% used [0x00000000e9980000,0x00000000e9980000,0x00000000f4880000)
 ParOldGen       total 1035776K, used 796839K [0x0000000081400000, 0x00000000c0780000, 0x00000000d5c00000)
  object space 1035776K, 76% used [0x0000000081400000,0x00000000b1e29f30,0x00000000c0780000)
 Metaspace       used 15780K, capacity 16018K, committed 16384K, reserved 1062912K
  class space    used 1873K, capacity 1963K, committed 2048K, reserved 1048576K
}
Event: 10.443 GC heap before
{Heap before GC invocations=30 (full 7):
 PSYoungGen      total 508416K, used 341708K [0x00000000d5c00000, 0x0000000100000000, 0x0000000100000000)
  eden space 325120K, 100% used [0x00000000d5c00000,0x00000000e9980000,0x00000000e9980000)
  from space 183296K, 9% used [0x00000000f4880000,0x00000000f58b3010,0x00000000ffb80000)
  to   space 179200K, 0% used [0x00000000e9980000,0x00000000e9980000,0x00000000f4880000)
 ParOldGen       total 1035776K, used 796839K [0x0000000081400000, 0x00000000c0780000, 0x00000000d5c00000)
  object space 1035776K, 76% used [0x0000000081400000,0x00000000b1e29f30,0x00000000c0780000)
 Metaspace       used 15780K, capacity 16018K, committed 16384K, reserved 1062912K
  class space    used 1873K, capacity 1963K, committed 2048K, reserved 1048576K
Event: 10.467 GC heap after
Heap after GC invocations=30 (full 7):
 PSYoungGen      total 504320K, used 11968K [0x00000000d5c00000, 0x00000000ff400000, 0x0000000100000000)
  eden space 325120K, 0% used [0x00000000d5c00000,0x00000000d5c00000,0x00000000e9980000)
  from space 179200K, 6% used [0x00000000e9980000,0x00000000ea530000,0x00000000f4880000)
  to   space 175104K, 0% used [0x00000000f4900000,0x00000000f4900000,0x00000000ff400000)
 ParOldGen       total 1035776K, used 813395K [0x0000000081400000, 0x00000000c0780000, 0x00000000d5c00000)
  object space 1035776K, 78% used [0x0000000081400000,0x00000000b2e54f40,0x00000000c0780000)
 Metaspace       used 15780K, capacity 16018K, committed 16384K, reserved 1062912K
  class space    used 1873K, capacity 1963K, committed 2048K, reserved 1048576K
}
Event: 10.585 GC heap before
{Heap before GC invocations=31 (full 7):
 PSYoungGen      total 504320K, used 337088K [0x00000000d5c00000, 0x00000000ff400000, 0x0000000100000000)
  eden space 325120K, 100% used [0x00000000d5c00000,0x00000000e9980000,0x00000000e9980000)
  from space 179200K, 6% used [0x00000000e9980000,0x00000000ea530000,0x00000000f4880000)
  to   space 175104K, 0% used [0x00000000f4900000,0x00000000f4900000,0x00000000ff400000)
 ParOldGen       total 1035776K, used 813395K [0x0000000081400000, 0x00000000c0780000, 0x00000000d5c00000)
  object space 1035776K, 78% used [0x0000000081400000,0x00000000b2e54f40,0x00000000c0780000)
 Metaspace       used 15780K, capacity 16018K, committed 16384K, reserved 1062912K
  class space    used 1873K, capacity 1963K, committed 2048K, reserved 1048576K
Event: 10.629 GC heap after
Heap after GC invocations=31 (full 7):
 PSYoungGen      total 508928K, used 7648K [0x00000000d5c00000, 0x00000000ff400000, 0x0000000100000000)
  eden space 333824K, 0% used [0x00000000d5c00000,0x00000000d5c00000,0x00000000ea200000)
  from space 175104K, 4% used [0x00000000f4900000,0x00000000f5078000,0x00000000ff400000)
  to   space 171008K, 0% used [0x00000000ea200000,0x00000000ea200000,0x00000000f4900000)
 ParOldGen       total 1035776K, used 825299K [0x0000000081400000, 0x00000000c0780000, 0x00000000d5c00000)
  object space 1035776K, 79% used [0x0000000081400000,0x00000000b39f4f40,0x00000000c0780000)
 Metaspace       used 15780K, capacity 16018K, committed 16384K, reserved 1062912K
  class space    used 1873K, capacity 1963K, committed 2048K, reserved 1048576K
}
Event: 10.756 GC heap before
{Heap before GC invocations=32 (full 7):
 PSYoungGen      total 508928K, used 302925K [0x00000000d5c00000, 0x00000000ff400000, 0x0000000100000000)
  eden space 333824K, 88% used [0x00000000d5c00000,0x00000000e7c5b5a8,0x00000000ea200000)
  from space 175104K, 4% used [0x00000000f4900000,0x00000000f5078000,0x00000000ff400000)
  to   space 171008K, 0% used [0x00000000ea200000,0x00000000ea200000,0x00000000f4900000)
 ParOldGen       total 1035776K, used 825299K [0x0000000081400000, 0x00000000c0780000, 0x00000000d5c00000)
  object space 1035776K, 79% used [0x0000000081400000,0x00000000b39f4f40,0x00000000c0780000)
 Metaspace       used 15972K, capacity 16146K, committed 16384K, reserved 1062912K
  class space    used 1894K, capacity 1963K, committed 2048K, reserved 1048576K
Event: 10.776 GC heap after
Heap after GC invocations=32 (full 7):
 PSYoungGen      total 504832K, used 26172K [0x00000000d5c00000, 0x00000000fec00000, 0x0000000100000000)
  eden space 333824K, 0% used [0x00000000d5c00000,0x00000000d5c00000,0x00000000ea200000)
  from space 171008K, 15% used [0x00000000ea200000,0x00000000ebb8f0a8,0x00000000f4900000)
  to   space 162816K, 0% used [0x00000000f4d00000,0x00000000f4d00000,0x00000000fec00000)
 ParOldGen       total 1035776K, used 832827K [0x0000000081400000, 0x00000000c0780000, 0x00000000d5c00000)
  object space 1035776K, 80% used [0x0000000081400000,0x00000000b414ef40,0x00000000c0780000)
 Metaspace       used 15972K, capacity 16146K, committed 16384K, reserved 1062912K
  class space    used 1894K, capacity 1963K, committed 2048K, reserved 1048576K
}
Event: 10.975 GC heap before
{Heap before GC invocations=33 (full 7):
 PSYoungGen      total 504832K, used 359996K [0x00000000d5c00000, 0x00000000fec00000, 0x0000000100000000)
  eden space 333824K, 100% used [0x00000000d5c00000,0x00000000ea200000,0x00000000ea200000)
  from space 171008K, 15% used [0x00000000ea200000,0x00000000ebb8f0a8,0x00000000f4900000)
  to   space 162816K, 0% used [0x00000000f4d00000,0x00000000f4d00000,0x00000000fec00000)
 ParOldGen       total 1035776K, used 832827K [0x0000000081400000, 0x00000000c0780000, 0x00000000d5c00000)
  object space 1035776K, 80% used [0x0000000081400000,0x00000000b414ef40,0x00000000c0780000)
 Metaspace       used 16975K, capacity 17138K, committed 17536K, reserved 1064960K
  class space    used 2008K, capacity 2059K, committed 2176K, reserved 1048576K
Event: 11.022 GC heap after
Heap after GC invocations=33 (full 7):
 PSYoungGen      total 467968K, used 161327K [0x00000000d5c00000, 0x0000000100000000, 0x0000000100000000)
  eden space 305152K, 0% used [0x00000000d5c00000,0x00000000d5c00000,0x00000000e8600000)
  from space 162816K, 99% used [0x00000000f4d00000,0x00000000fea8be50,0x00000000fec00000)
  to   space 193536K, 0% used [0x00000000e8600000,0x00000000e8600000,0x00000000f4300000)
 ParOldGen       total 1035776K, used 873498K [0x0000000081400000, 0x00000000c0780000, 0x00000000d5c00000)
  object space 1035776K, 84% used [0x0000000081400000,0x00000000b6906888,0x00000000c0780000)
 Metaspace       used 16975K, capacity 17138K, committed 17536K, reserved 1064960K
  class space    used 2008K, capacity 2059K, committed 2176K, reserved 1048576K
}

